# JRE version: Java(TM) SE Runtime Environment 18.9 (11.0.10+8) (build 11.0.10+8-LTS-162)
# Java VM: Java HotSpot(TM) 64-Bit Server VM 18.9 (11.0.10+8-LTS-162, mixed mode, tiered, compressed oops, g1 gc, bsd-amd64)
Heap:
 garbage-first heap   total 131072K, used 80310K [0x0000000780000000, 0x0000000800000000)
  region size 1024K, 76 young (77824K), 4 survivors (4096K)
 Metaspace       used 21485K, capacity 21962K, committed 22192K, reserved 1069056K
  class space    used 2258K, capacity 2435K, committed 2560K, reserved 1048576K
GC Heap History (10 events):
Event: 2.657 GC heap before
{Heap before GC invocations=3 (full 0):
 garbage-first heap   total 131072K, used 49709K [0x0000000780000000, 0x0000000800000000)
  region size 1024K, 46 young (47104K), 2 survivors (2048K)
 Metaspace       used 17006K, capacity 17437K, committed 17536K, reserved 1064960K
  class space    used 1731K, capacity 1917K, committed 1920K, reserved 1048576K
}
Event: 2.659 GC heap after
{Heap after GC invocations=4 (full 0):
 garbage-first heap   total 131072K, used 4924K [0x0000000780000000, 0x0000000800000000)
  region size 1024K, 2 young (2048K), 2 survivors (2048K)
 Metaspace       used 17006K, capacity 17437K, committed 17536K, reserved 1064960K
  class space    used 1731K, capacity 1917K, committed 1920K, reserved 1048576K
}
Event: 6.019 GC heap before
{Heap before GC invocations=4 (full 0):
 garbage-first heap   total 131072K, used 44860K [0x0000000780000000, 0x0000000800000000)
  region size 1024K, 43 young (44032K), 2 survivors (2048K)
 Metaspace       used 20569K, capacity 21035K, committed 21296K, reserved 1069056K
  class space    used 2152K, capacity 2346K, committed 2432K, reserved 1048576K
}
Event: 6.025 GC heap after
{Heap after GC invocations=5 (full 0):
 garbage-first heap   total 131072K, used 6446K [0x0000000780000000, 0x0000000800000000)
  region size 1024K, 4 young (4096K), 4 survivors (4096K)
 Metaspace       used 20569K, capacity 21035K, committed 21296K, reserved 1069056K
  class space    used 2152K, capacity 2346K, committed 2432K, reserved 1048576K
}
Event: 8.226 GC heap before
{Heap before GC invocations=6 (full 0):
 garbage-first heap   total 131072K, used 68910K [0x0000000780000000, 0x0000000800000000)
  region size 1024K, 65 young (66560K), 4 survivors (4096K)
 Metaspace       used 20812K, capacity 21323K, committed 21552K, reserved 1069056K
  class space    used 2192K, capacity 2378K, committed 2432K, reserved 1048576K
}
Event: 8.233 GC heap after
{Heap after GC invocations=7 (full 0):
 garbage-first heap   total 131072K, used 6775K [0x0000000780000000, 0x0000000800000000)
  region size 1024K, 4 young (4096K), 4 survivors (4096K)
 Metaspace       used 20812K, capacity 21323K, committed 21552K, reserved 1069056K
  class space    used 2192K, capacity 2378K, committed 2432K, reserved 1048576K
}
Event: 8.369 GC heap before
{Heap before GC invocations=7 (full 0):
 garbage-first heap   total 131072K, used 80503K [0x0000000780000000, 0x0000000800000000)
  region size 1024K, 76 young (77824K), 4 survivors (4096K)
 Metaspace       used 20859K, capacity 21360K, committed 21552K, reserved 1069056K
  class space    used 2200K, capacity 2387K, committed 2432K, reserved 1048576K
}
Event: 8.376 GC heap after
{Heap after GC invocations=8 (full 0):
 garbage-first heap   total 131072K, used 6598K [0x0000000780000000, 0x0000000800000000)
  region size 1024K, 4 young (4096K), 4 survivors (4096K)
 Metaspace       used 20859K, capacity 21360K, committed 21552K, reserved 1069056K
  class space    used 2200K, capacity 2387K, committed 2432K, reserved 1048576K
}
Event: 8.431 GC heap before
{Heap before GC invocations=8 (full 0):
 garbage-first heap   total 131072K, used 80326K [0x0000000780000000, 0x0000000800000000)
  region size 1024K, 76 young (77824K), 4 survivors (4096K)
 Metaspace       used 20859K, capacity 21360K, committed 21552K, reserved 1069056K
  class space    used 2200K, capacity 2387K, committed 2432K, reserved 1048576K
}
Event: 8.434 GC heap after
{Heap after GC invocations=9 (full 0):
 garbage-first heap   total 131072K, used 6582K [0x0000000780000000, 0x0000000800000000)
  region size 1024K, 4 young (4096K), 4 survivors (4096K)
 Metaspace       used 20859K, capacity 21360K, committed 21552K, reserved 1069056K
  class space    used 2200K, capacity 2387K, committed 2432K, reserved 1048576K
}

